<?xml version="1.0" encoding="UTF-8"?>
<!-- Generated by org.testng.reporters.JUnitReportReporter -->
<testsuite hostname="Hp-Notebook" failures="0" tests="3" name="practice.amazontest.GetProductInfoTest2" time="120.208" errors="0" timestamp="2025-04-17T14:10:06 IST" skipped="0">
  <testcase classname="practice.amazontest.GetProductInfoTest2" name="getProductInfoTest" time="53.083"/>
  <system-out/>
  <testcase classname="practice.amazontest.GetProductInfoTest2" name="getProductInfoTest" time="28.435"/>
  <system-out/>
  <testcase classname="practice.amazontest.GetProductInfoTest2" name="getProductInfoTest" time="38.690"/>
  <system-out/>
</testsuite> <!-- practice.amazontest.GetProductInfoTest2 -->
