<?xml version="1.0" encoding="UTF-8"?>
<!-- Generated by org.testng.reporters.JUnitReportReporter -->
<testsuite hostname="Hp-Notebook" failures="0" tests="2" name="com.crm.comcast.contacttest.CreateCantTest" time="0.013" errors="0" timestamp="2025-04-16T14:46:41 IST" skipped="0">
  <testcase classname="com.crm.comcast.contacttest.CreateCantTest" name="createContTest" time="0.012"/>
  <system-out/>
  <testcase classname="com.crm.comcast.contacttest.CreateCantTest" name="createContWithDateTest" time="0.001"/>
  <system-out/>
</testsuite> <!-- com.crm.comcast.contacttest.CreateCantTest -->
