<?xml version="1.0" encoding="UTF-8"?>
<!-- Generated by org.testng.reporters.JUnitReportReporter -->
<testsuite hostname="Hp-Notebook" failures="0" tests="1" name="practice.screenshottest.SampleScreenshotTest" time="11.347" errors="0" timestamp="2025-04-23T15:21:31 IST" skipped="0">
  <testcase classname="practice.screenshottest.SampleScreenshotTest" name="amazonTest" time="11.347"/>
  <system-out/>
</testsuite> <!-- practice.screenshottest.SampleScreenshotTest -->
