<?xml version="1.0" encoding="UTF-8"?>
<!-- Generated by org.testng.reporters.JUnitReportReporter -->
<testsuite hostname="Hp-Notebook" failures="0" tests="3" name="com.demoapp.ecom.AddProductToCartAndValidate" time="53.469" errors="0" timestamp="2025-04-29T13:30:35 IST" skipped="0">
  <testcase classname="com.demoapp.ecom.AddProductToCartAndValidate" name="addElectonicsToCartAndValidateTest" time="16.622"/>
  <system-out/>
  <testcase classname="com.demoapp.ecom.AddProductToCartAndValidate" name="addBookToCartAndValidateTest" time="17.145"/>
  <system-out/>
  <testcase classname="com.demoapp.ecom.AddProductToCartAndValidate" name="addComputerToCartAndValidateTest" time="19.702"/>
  <system-out/>
</testsuite> <!-- com.demoapp.ecom.AddProductToCartAndValidate -->
