<?xml version="1.0" encoding="UTF-8"?>
<!-- Generated by org.testng.reporters.JUnitReportReporter -->
<testsuite hostname="Hp-Notebook" failures="0" tests="1" name="com.demoapp.ecom.Example" time="38.428" errors="0" timestamp="2025-04-29T09:57:31 IST" skipped="0">
  <testcase classname="com.demoapp.ecom.Example" name="test" time="38.428"/>
  <system-out/>
</testsuite> <!-- com.demoapp.ecom.Example -->
