<?xml version="1.0" encoding="UTF-8"?>
<!-- Generated by org.testng.reporters.JUnitReportReporter -->
<testsuite hostname="Hp-Notebook" failures="0" tests="1" name="practice.test.SampleReportWithScrenshotTest" time="9.888" errors="0" timestamp="2025-04-24T11:45:32 IST" skipped="0">
  <testcase classname="practice.test.SampleReportWithScrenshotTest" name="createContactTest" time="9.888"/>
  <system-out/>
</testsuite> <!-- practice.test.SampleReportWithScrenshotTest -->
