<?xml version="1.0" encoding="UTF-8"?>
<!-- Generated by org.testng.reporters.JUnitReportReporter -->
<testsuite hostname="Hp-Notebook" failures="0" tests="3" name="com.crm.comcast.contacttest.CreateContTest" time="40.596" errors="0" timestamp="02 May 2025 18:25:10 GMT" skipped="0">
  <testcase classname="com.crm.comcast.contacttest.CreateContTest" name="createContTest" time="7.473"/>
  <testcase classname="com.crm.comcast.contacttest.CreateContTest" name="createContWithOrgTest" time="22.282"/>
  <testcase classname="com.crm.comcast.contacttest.CreateContTest" name="createContSupportWithDateTest" time="10.841"/>
</testsuite> <!-- com.crm.comcast.contacttest.CreateContTest -->
