<?xml version="1.0" encoding="UTF-8"?>
<!-- Generated by org.testng.reporters.JUnitReportReporter -->
<testsuite hostname="Hp-Notebook" failures="0" tests="3" name="com.crm.comcast.producttest.ProductModuleTest" time="45.503" errors="0" timestamp="2025-04-29T15:56:17 IST" skipped="0">
  <testcase classname="com.crm.comcast.producttest.ProductModuleTest" name="ProductWithVendorWithUnitWithGroup" time="16.474"/>
  <system-out/>
  <testcase classname="com.crm.comcast.producttest.ProductModuleTest" name="ProductWithVendorWithUser" time="12.112"/>
  <system-out/>
  <testcase classname="com.crm.comcast.producttest.ProductModuleTest" name="productWithVendorTest" time="16.917"/>
  <system-out/>
</testsuite> <!-- com.crm.comcast.producttest.ProductModuleTest -->
