<?xml version="1.0" encoding="UTF-8"?>
<!-- Generated by org.testng.reporters.JUnitReportReporter -->
<testsuite hostname="Hp-Notebook" failures="0" tests="1" name="practice.test.SampleReportTest" time="1.037" errors="0" timestamp="2025-04-24T11:23:45 IST" skipped="0">
  <testcase classname="practice.test.SampleReportTest" name="createContactTest" time="1.037"/>
  <system-out/>
</testsuite> <!-- practice.test.SampleReportTest -->
