<?xml version="1.0" encoding="UTF-8"?>
<!-- Generated by org.testng.reporters.JUnitXMLReporter -->
<testsuite ignored="0" hostname="Hp-Notebook" failures="0" tests="3" name="Test-1" time="34.787" errors="0" timestamp="2025-04-18T15:55:20 IST">
  <testcase classname="com.crm.comcast.contacttest.CreateContTest" name="createContSupportWithDateTest" time="7.066"/>
  <testcase classname="com.crm.comcast.contacttest.CreateContTest" name="createContTest" time="4.111"/>
  <testcase classname="com.crm.comcast.contacttest.CreateContTest" name="createContWithOrgTest" time="9.914"/>
</testsuite> <!-- Test-1 -->
